{"/home/runner/workspace/badgenode_main/client/src/services/utenti.service.ts": {"path":"/home/runner/workspace/badgenode_main/client/src/services/utenti.service.ts","all":false,"statementMap":{"3":{"start":{"line":4,"column":0},"end":{"line":4,"column":42}},"4":{"start":{"line":5,"column":0},"end":{"line":5,"column":54}},"5":{"start":{"line":6,"column":0},"end":{"line":6,"column":106}},"6":{"start":{"line":7,"column":0},"end":{"line":7,"column":49}},"7":{"start":{"line":8,"column":0},"end":{"line":8,"column":58}},"9":{"start":{"line":10,"column":0},"end":{"line":10,"column":64}},"41":{"start":{"line":42,"column":0},"end":{"line":42,"column":28}},"42":{"start":{"line":43,"column":0},"end":{"line":43,"column":56}},"43":{"start":{"line":44,"column":0},"end":{"line":44,"column":12}},"44":{"start":{"line":45,"column":0},"end":{"line":45,"column":16}},"45":{"start":{"line":46,"column":0},"end":{"line":46,"column":39}},"46":{"start":{"line":47,"column":0},"end":{"line":47,"column":32}},"47":{"start":{"line":48,"column":0},"end":{"line":48,"column":38}},"48":{"start":{"line":49,"column":0},"end":{"line":49,"column":66}},"49":{"start":{"line":50,"column":0},"end":{"line":50,"column":57}},"50":{"start":{"line":51,"column":0},"end":{"line":51,"column":6}},"51":{"start":{"line":52,"column":0},"end":{"line":52,"column":3}},"53":{"start":{"line":54,"column":0},"end":{"line":54,"column":63}},"54":{"start":{"line":55,"column":0},"end":{"line":55,"column":9}},"55":{"start":{"line":56,"column":0},"end":{"line":56,"column":47}},"56":{"start":{"line":57,"column":0},"end":{"line":57,"column":16}},"57":{"start":{"line":58,"column":0},"end":{"line":58,"column":33}},"58":{"start":{"line":59,"column":0},"end":{"line":59,"column":9}},"59":{"start":{"line":60,"column":0},"end":{"line":60,"column":36}},"60":{"start":{"line":61,"column":0},"end":{"line":61,"column":55}},"61":{"start":{"line":62,"column":0},"end":{"line":62,"column":20}},"62":{"start":{"line":63,"column":0},"end":{"line":63,"column":86}},"64":{"start":{"line":65,"column":0},"end":{"line":65,"column":30}},"65":{"start":{"line":66,"column":0},"end":{"line":66,"column":50}},"66":{"start":{"line":67,"column":0},"end":{"line":67,"column":18}},"67":{"start":{"line":68,"column":0},"end":{"line":68,"column":35}},"68":{"start":{"line":69,"column":0},"end":{"line":69,"column":20}},"69":{"start":{"line":70,"column":0},"end":{"line":70,"column":32}},"70":{"start":{"line":71,"column":0},"end":{"line":71,"column":30}},"71":{"start":{"line":72,"column":0},"end":{"line":72,"column":11}},"72":{"start":{"line":73,"column":0},"end":{"line":73,"column":101}},"73":{"start":{"line":74,"column":0},"end":{"line":74,"column":7}},"76":{"start":{"line":77,"column":0},"end":{"line":77,"column":86}},"77":{"start":{"line":78,"column":0},"end":{"line":78,"column":42}},"78":{"start":{"line":79,"column":0},"end":{"line":79,"column":8}},"79":{"start":{"line":80,"column":0},"end":{"line":80,"column":48}},"80":{"start":{"line":81,"column":0},"end":{"line":81,"column":16}},"81":{"start":{"line":82,"column":0},"end":{"line":82,"column":33}},"82":{"start":{"line":83,"column":0},"end":{"line":83,"column":17}},"83":{"start":{"line":84,"column":0},"end":{"line":84,"column":37}},"84":{"start":{"line":85,"column":0},"end":{"line":85,"column":9}},"85":{"start":{"line":86,"column":0},"end":{"line":86,"column":28}},"86":{"start":{"line":87,"column":0},"end":{"line":87,"column":21}},"87":{"start":{"line":88,"column":0},"end":{"line":88,"column":71}},"88":{"start":{"line":89,"column":0},"end":{"line":89,"column":48}},"89":{"start":{"line":90,"column":0},"end":{"line":90,"column":16}},"90":{"start":{"line":91,"column":0},"end":{"line":91,"column":33}},"91":{"start":{"line":92,"column":0},"end":{"line":92,"column":18}},"92":{"start":{"line":93,"column":0},"end":{"line":93,"column":38}},"93":{"start":{"line":94,"column":0},"end":{"line":94,"column":9}},"94":{"start":{"line":95,"column":0},"end":{"line":95,"column":27}},"95":{"start":{"line":96,"column":0},"end":{"line":96,"column":5}},"96":{"start":{"line":97,"column":0},"end":{"line":97,"column":3}},"99":{"start":{"line":100,"column":0},"end":{"line":100,"column":59}},"100":{"start":{"line":101,"column":0},"end":{"line":101,"column":9}},"101":{"start":{"line":102,"column":0},"end":{"line":102,"column":81}},"103":{"start":{"line":104,"column":0},"end":{"line":104,"column":30}},"104":{"start":{"line":105,"column":0},"end":{"line":105,"column":108}},"105":{"start":{"line":106,"column":0},"end":{"line":106,"column":7}},"107":{"start":{"line":108,"column":0},"end":{"line":108,"column":32}},"108":{"start":{"line":109,"column":0},"end":{"line":109,"column":29}},"109":{"start":{"line":110,"column":0},"end":{"line":110,"column":7}},"111":{"start":{"line":112,"column":0},"end":{"line":112,"column":16}},"112":{"start":{"line":113,"column":0},"end":{"line":113,"column":21}},"113":{"start":{"line":114,"column":0},"end":{"line":114,"column":27}},"114":{"start":{"line":115,"column":0},"end":{"line":115,"column":5}},"115":{"start":{"line":116,"column":0},"end":{"line":116,"column":3}},"118":{"start":{"line":119,"column":0},"end":{"line":119,"column":86}},"119":{"start":{"line":120,"column":0},"end":{"line":120,"column":9}},"120":{"start":{"line":121,"column":0},"end":{"line":121,"column":48}},"121":{"start":{"line":122,"column":0},"end":{"line":122,"column":16}},"122":{"start":{"line":123,"column":0},"end":{"line":123,"column":12}},"123":{"start":{"line":124,"column":0},"end":{"line":124,"column":33}},"124":{"start":{"line":125,"column":0},"end":{"line":125,"column":9}},"125":{"start":{"line":126,"column":0},"end":{"line":126,"column":36}},"126":{"start":{"line":127,"column":0},"end":{"line":127,"column":55}},"127":{"start":{"line":128,"column":0},"end":{"line":128,"column":20}},"128":{"start":{"line":129,"column":0},"end":{"line":129,"column":91}},"130":{"start":{"line":131,"column":0},"end":{"line":131,"column":30}},"131":{"start":{"line":132,"column":0},"end":{"line":132,"column":51}},"132":{"start":{"line":133,"column":0},"end":{"line":133,"column":18}},"133":{"start":{"line":134,"column":0},"end":{"line":134,"column":14}},"134":{"start":{"line":135,"column":0},"end":{"line":135,"column":35}},"135":{"start":{"line":136,"column":0},"end":{"line":136,"column":23}},"136":{"start":{"line":137,"column":0},"end":{"line":137,"column":68}},"137":{"start":{"line":138,"column":0},"end":{"line":138,"column":11}},"138":{"start":{"line":139,"column":0},"end":{"line":139,"column":20}},"139":{"start":{"line":140,"column":0},"end":{"line":140,"column":7}},"141":{"start":{"line":142,"column":0},"end":{"line":142,"column":96}},"142":{"start":{"line":143,"column":0},"end":{"line":143,"column":49}},"143":{"start":{"line":144,"column":0},"end":{"line":144,"column":16}},"144":{"start":{"line":145,"column":0},"end":{"line":145,"column":12}},"145":{"start":{"line":146,"column":0},"end":{"line":146,"column":33}},"146":{"start":{"line":147,"column":0},"end":{"line":147,"column":30}},"147":{"start":{"line":148,"column":0},"end":{"line":148,"column":9}},"148":{"start":{"line":149,"column":0},"end":{"line":149,"column":19}},"149":{"start":{"line":150,"column":0},"end":{"line":150,"column":21}},"150":{"start":{"line":151,"column":0},"end":{"line":151,"column":49}},"151":{"start":{"line":152,"column":0},"end":{"line":152,"column":16}},"152":{"start":{"line":153,"column":0},"end":{"line":153,"column":12}},"153":{"start":{"line":154,"column":0},"end":{"line":154,"column":33}},"154":{"start":{"line":155,"column":0},"end":{"line":155,"column":21}},"155":{"start":{"line":156,"column":0},"end":{"line":156,"column":38}},"156":{"start":{"line":157,"column":0},"end":{"line":157,"column":9}},"157":{"start":{"line":158,"column":0},"end":{"line":158,"column":18}},"158":{"start":{"line":159,"column":0},"end":{"line":159,"column":5}},"159":{"start":{"line":160,"column":0},"end":{"line":160,"column":3}},"162":{"start":{"line":163,"column":0},"end":{"line":163,"column":66}},"163":{"start":{"line":164,"column":0},"end":{"line":164,"column":9}},"165":{"start":{"line":166,"column":0},"end":{"line":166,"column":51}},"166":{"start":{"line":167,"column":0},"end":{"line":167,"column":21}},"167":{"start":{"line":168,"column":0},"end":{"line":168,"column":34}},"168":{"start":{"line":169,"column":0},"end":{"line":169,"column":7}},"169":{"start":{"line":170,"column":0},"end":{"line":170,"column":32}},"170":{"start":{"line":171,"column":0},"end":{"line":171,"column":45}},"171":{"start":{"line":172,"column":0},"end":{"line":172,"column":7}},"172":{"start":{"line":173,"column":0},"end":{"line":173,"column":35}},"173":{"start":{"line":174,"column":0},"end":{"line":174,"column":48}},"174":{"start":{"line":175,"column":0},"end":{"line":175,"column":7}},"177":{"start":{"line":178,"column":0},"end":{"line":178,"column":23}},"178":{"start":{"line":179,"column":0},"end":{"line":179,"column":23}},"179":{"start":{"line":180,"column":0},"end":{"line":180,"column":32}},"180":{"start":{"line":181,"column":0},"end":{"line":181,"column":38}},"181":{"start":{"line":182,"column":0},"end":{"line":182,"column":56}},"182":{"start":{"line":183,"column":0},"end":{"line":183,"column":43}},"183":{"start":{"line":184,"column":0},"end":{"line":184,"column":49}},"184":{"start":{"line":185,"column":0},"end":{"line":185,"column":8}},"186":{"start":{"line":187,"column":0},"end":{"line":187,"column":81}},"188":{"start":{"line":189,"column":0},"end":{"line":189,"column":30}},"189":{"start":{"line":190,"column":0},"end":{"line":190,"column":96}},"190":{"start":{"line":191,"column":0},"end":{"line":191,"column":7}},"192":{"start":{"line":193,"column":0},"end":{"line":193,"column":27}},"193":{"start":{"line":194,"column":0},"end":{"line":194,"column":65}},"194":{"start":{"line":195,"column":0},"end":{"line":195,"column":7}},"197":{"start":{"line":198,"column":0},"end":{"line":198,"column":38}},"198":{"start":{"line":199,"column":0},"end":{"line":199,"column":48}},"199":{"start":{"line":200,"column":0},"end":{"line":200,"column":31}},"200":{"start":{"line":201,"column":0},"end":{"line":201,"column":33}},"201":{"start":{"line":202,"column":0},"end":{"line":202,"column":39}},"202":{"start":{"line":203,"column":0},"end":{"line":203,"column":43}},"203":{"start":{"line":204,"column":0},"end":{"line":204,"column":49}},"204":{"start":{"line":205,"column":0},"end":{"line":205,"column":88}},"205":{"start":{"line":206,"column":0},"end":{"line":206,"column":41}},"206":{"start":{"line":207,"column":0},"end":{"line":207,"column":67}},"207":{"start":{"line":208,"column":0},"end":{"line":208,"column":45}},"208":{"start":{"line":209,"column":0},"end":{"line":209,"column":73}},"209":{"start":{"line":210,"column":0},"end":{"line":210,"column":8}},"211":{"start":{"line":212,"column":0},"end":{"line":212,"column":28}},"212":{"start":{"line":213,"column":0},"end":{"line":213,"column":21}},"213":{"start":{"line":214,"column":0},"end":{"line":214,"column":27}},"214":{"start":{"line":215,"column":0},"end":{"line":215,"column":5}},"215":{"start":{"line":216,"column":0},"end":{"line":216,"column":3}},"218":{"start":{"line":219,"column":0},"end":{"line":219,"column":66}},"219":{"start":{"line":220,"column":0},"end":{"line":220,"column":42}},"220":{"start":{"line":221,"column":0},"end":{"line":221,"column":3}},"223":{"start":{"line":224,"column":0},"end":{"line":224,"column":88}},"224":{"start":{"line":225,"column":0},"end":{"line":225,"column":9}},"226":{"start":{"line":227,"column":0},"end":{"line":227,"column":40}},"227":{"start":{"line":228,"column":0},"end":{"line":228,"column":42}},"228":{"start":{"line":229,"column":0},"end":{"line":229,"column":7}},"231":{"start":{"line":232,"column":0},"end":{"line":232,"column":60}},"232":{"start":{"line":233,"column":0},"end":{"line":233,"column":45}},"233":{"start":{"line":234,"column":0},"end":{"line":234,"column":7}},"234":{"start":{"line":235,"column":0},"end":{"line":235,"column":66}},"235":{"start":{"line":236,"column":0},"end":{"line":236,"column":48}},"236":{"start":{"line":237,"column":0},"end":{"line":237,"column":7}},"239":{"start":{"line":240,"column":0},"end":{"line":240,"column":50}},"240":{"start":{"line":241,"column":0},"end":{"line":241,"column":69}},"241":{"start":{"line":242,"column":0},"end":{"line":242,"column":78}},"242":{"start":{"line":243,"column":0},"end":{"line":243,"column":81}},"243":{"start":{"line":244,"column":0},"end":{"line":244,"column":90}},"244":{"start":{"line":245,"column":0},"end":{"line":245,"column":98}},"246":{"start":{"line":247,"column":0},"end":{"line":247,"column":87}},"248":{"start":{"line":249,"column":0},"end":{"line":249,"column":30}},"249":{"start":{"line":250,"column":0},"end":{"line":250,"column":100}},"250":{"start":{"line":251,"column":0},"end":{"line":251,"column":7}},"252":{"start":{"line":253,"column":0},"end":{"line":253,"column":27}},"253":{"start":{"line":254,"column":0},"end":{"line":254,"column":69}},"254":{"start":{"line":255,"column":0},"end":{"line":255,"column":7}},"257":{"start":{"line":258,"column":0},"end":{"line":258,"column":38}},"258":{"start":{"line":259,"column":0},"end":{"line":259,"column":48}},"259":{"start":{"line":260,"column":0},"end":{"line":260,"column":31}},"260":{"start":{"line":261,"column":0},"end":{"line":261,"column":33}},"261":{"start":{"line":262,"column":0},"end":{"line":262,"column":39}},"262":{"start":{"line":263,"column":0},"end":{"line":263,"column":43}},"263":{"start":{"line":264,"column":0},"end":{"line":264,"column":49}},"264":{"start":{"line":265,"column":0},"end":{"line":265,"column":62}},"265":{"start":{"line":266,"column":0},"end":{"line":266,"column":41}},"266":{"start":{"line":267,"column":0},"end":{"line":267,"column":75}},"267":{"start":{"line":268,"column":0},"end":{"line":268,"column":45}},"268":{"start":{"line":269,"column":0},"end":{"line":269,"column":73}},"269":{"start":{"line":270,"column":0},"end":{"line":270,"column":8}},"271":{"start":{"line":272,"column":0},"end":{"line":272,"column":28}},"272":{"start":{"line":273,"column":0},"end":{"line":273,"column":21}},"273":{"start":{"line":274,"column":0},"end":{"line":274,"column":27}},"274":{"start":{"line":275,"column":0},"end":{"line":275,"column":5}},"275":{"start":{"line":276,"column":0},"end":{"line":276,"column":3}},"277":{"start":{"line":278,"column":0},"end":{"line":278,"column":57}},"278":{"start":{"line":279,"column":0},"end":{"line":279,"column":9}},"280":{"start":{"line":281,"column":0},"end":{"line":281,"column":40}},"281":{"start":{"line":282,"column":0},"end":{"line":282,"column":42}},"282":{"start":{"line":283,"column":0},"end":{"line":283,"column":7}},"284":{"start":{"line":285,"column":0},"end":{"line":285,"column":77}},"286":{"start":{"line":287,"column":0},"end":{"line":287,"column":30}},"287":{"start":{"line":288,"column":0},"end":{"line":288,"column":96}},"288":{"start":{"line":289,"column":0},"end":{"line":289,"column":7}},"289":{"start":{"line":290,"column":0},"end":{"line":290,"column":21}},"290":{"start":{"line":291,"column":0},"end":{"line":291,"column":27}},"291":{"start":{"line":292,"column":0},"end":{"line":292,"column":5}},"292":{"start":{"line":293,"column":0},"end":{"line":293,"column":3}},"294":{"start":{"line":295,"column":0},"end":{"line":295,"column":93}},"295":{"start":{"line":296,"column":0},"end":{"line":296,"column":9}},"296":{"start":{"line":297,"column":0},"end":{"line":297,"column":90}},"298":{"start":{"line":299,"column":0},"end":{"line":299,"column":30}},"299":{"start":{"line":300,"column":0},"end":{"line":300,"column":72}},"300":{"start":{"line":301,"column":0},"end":{"line":301,"column":7}},"302":{"start":{"line":303,"column":0},"end":{"line":303,"column":58}},"303":{"start":{"line":304,"column":0},"end":{"line":304,"column":42}},"304":{"start":{"line":305,"column":0},"end":{"line":305,"column":21}},"305":{"start":{"line":306,"column":0},"end":{"line":306,"column":33}},"306":{"start":{"line":307,"column":0},"end":{"line":307,"column":69}},"307":{"start":{"line":308,"column":0},"end":{"line":308,"column":65}},"308":{"start":{"line":309,"column":0},"end":{"line":309,"column":5}},"309":{"start":{"line":310,"column":0},"end":{"line":310,"column":3}},"312":{"start":{"line":313,"column":0},"end":{"line":313,"column":150}},"313":{"start":{"line":314,"column":0},"end":{"line":314,"column":9}},"314":{"start":{"line":315,"column":0},"end":{"line":315,"column":128}},"316":{"start":{"line":317,"column":0},"end":{"line":317,"column":30}},"317":{"start":{"line":318,"column":0},"end":{"line":318,"column":16}},"318":{"start":{"line":319,"column":0},"end":{"line":319,"column":25}},"319":{"start":{"line":320,"column":0},"end":{"line":320,"column":18}},"320":{"start":{"line":321,"column":0},"end":{"line":321,"column":52}},"321":{"start":{"line":322,"column":0},"end":{"line":322,"column":93}},"322":{"start":{"line":323,"column":0},"end":{"line":323,"column":11}},"323":{"start":{"line":324,"column":0},"end":{"line":324,"column":10}},"324":{"start":{"line":325,"column":0},"end":{"line":325,"column":7}},"326":{"start":{"line":327,"column":0},"end":{"line":327,"column":31}},"327":{"start":{"line":328,"column":0},"end":{"line":328,"column":21}},"328":{"start":{"line":329,"column":0},"end":{"line":329,"column":33}},"329":{"start":{"line":330,"column":0},"end":{"line":330,"column":77}},"330":{"start":{"line":331,"column":0},"end":{"line":331,"column":14}},"331":{"start":{"line":332,"column":0},"end":{"line":332,"column":23}},"332":{"start":{"line":333,"column":0},"end":{"line":333,"column":16}},"333":{"start":{"line":334,"column":0},"end":{"line":334,"column":33}},"334":{"start":{"line":335,"column":0},"end":{"line":335,"column":57}},"335":{"start":{"line":336,"column":0},"end":{"line":336,"column":9}},"336":{"start":{"line":337,"column":0},"end":{"line":337,"column":8}},"337":{"start":{"line":338,"column":0},"end":{"line":338,"column":5}},"338":{"start":{"line":339,"column":0},"end":{"line":339,"column":3}},"340":{"start":{"line":341,"column":0},"end":{"line":341,"column":149}},"341":{"start":{"line":342,"column":0},"end":{"line":342,"column":9}},"342":{"start":{"line":343,"column":0},"end":{"line":343,"column":111}},"343":{"start":{"line":344,"column":0},"end":{"line":344,"column":30}},"344":{"start":{"line":345,"column":0},"end":{"line":345,"column":16}},"345":{"start":{"line":346,"column":0},"end":{"line":346,"column":25}},"346":{"start":{"line":347,"column":0},"end":{"line":347,"column":18}},"347":{"start":{"line":348,"column":0},"end":{"line":348,"column":52}},"348":{"start":{"line":349,"column":0},"end":{"line":349,"column":90}},"349":{"start":{"line":350,"column":0},"end":{"line":350,"column":11}},"350":{"start":{"line":351,"column":0},"end":{"line":351,"column":10}},"351":{"start":{"line":352,"column":0},"end":{"line":352,"column":7}},"352":{"start":{"line":353,"column":0},"end":{"line":353,"column":31}},"353":{"start":{"line":354,"column":0},"end":{"line":354,"column":21}},"354":{"start":{"line":355,"column":0},"end":{"line":355,"column":33}},"355":{"start":{"line":356,"column":0},"end":{"line":356,"column":74}},"356":{"start":{"line":357,"column":0},"end":{"line":357,"column":14}},"357":{"start":{"line":358,"column":0},"end":{"line":358,"column":23}},"358":{"start":{"line":359,"column":0},"end":{"line":359,"column":87}},"359":{"start":{"line":360,"column":0},"end":{"line":360,"column":8}},"360":{"start":{"line":361,"column":0},"end":{"line":361,"column":5}},"361":{"start":{"line":362,"column":0},"end":{"line":362,"column":3}},"363":{"start":{"line":364,"column":0},"end":{"line":364,"column":122}},"364":{"start":{"line":365,"column":0},"end":{"line":365,"column":9}},"365":{"start":{"line":366,"column":0},"end":{"line":366,"column":40}},"366":{"start":{"line":367,"column":0},"end":{"line":367,"column":93}},"367":{"start":{"line":368,"column":0},"end":{"line":368,"column":7}},"368":{"start":{"line":369,"column":0},"end":{"line":369,"column":78}},"369":{"start":{"line":370,"column":0},"end":{"line":370,"column":30}},"370":{"start":{"line":371,"column":0},"end":{"line":371,"column":54}},"371":{"start":{"line":372,"column":0},"end":{"line":372,"column":45}},"372":{"start":{"line":373,"column":0},"end":{"line":373,"column":53}},"373":{"start":{"line":374,"column":0},"end":{"line":374,"column":65}},"374":{"start":{"line":375,"column":0},"end":{"line":375,"column":63}},"375":{"start":{"line":376,"column":0},"end":{"line":376,"column":10}},"376":{"start":{"line":377,"column":0},"end":{"line":377,"column":112}},"377":{"start":{"line":378,"column":0},"end":{"line":378,"column":7}},"378":{"start":{"line":379,"column":0},"end":{"line":379,"column":31}},"379":{"start":{"line":380,"column":0},"end":{"line":380,"column":13}},"380":{"start":{"line":381,"column":0},"end":{"line":381,"column":114}},"381":{"start":{"line":382,"column":0},"end":{"line":382,"column":5}},"382":{"start":{"line":383,"column":0},"end":{"line":383,"column":3}},"383":{"start":{"line":384,"column":0},"end":{"line":384,"column":1}}},"s":{"3":1,"4":1,"5":1,"6":1,"7":1,"9":1,"41":1,"42":1,"43":3,"44":3,"45":3,"46":3,"47":3,"48":3,"49":3,"50":3,"51":3,"53":1,"54":3,"55":3,"56":3,"57":3,"58":3,"59":3,"60":0,"61":3,"62":3,"64":3,"65":1,"66":1,"67":1,"68":1,"69":1,"70":1,"71":1,"72":1,"73":1,"76":3,"77":2,"78":3,"79":3,"80":3,"81":3,"82":3,"83":3,"84":3,"85":3,"86":3,"87":1,"88":1,"89":1,"90":1,"91":1,"92":1,"93":1,"94":1,"95":1,"96":3,"99":1,"100":0,"101":0,"103":0,"104":0,"105":0,"107":0,"108":0,"109":0,"111":0,"112":0,"113":0,"114":0,"115":0,"118":1,"119":3,"120":3,"121":3,"122":3,"123":3,"124":3,"125":3,"126":1,"127":2,"128":3,"130":3,"131":1,"132":1,"133":1,"134":1,"135":1,"136":1,"137":1,"138":1,"139":1,"141":3,"142":3,"143":3,"144":3,"145":3,"146":3,"147":3,"148":3,"149":3,"150":1,"151":1,"152":1,"153":1,"154":1,"155":1,"156":1,"157":1,"158":1,"159":3,"162":1,"163":2,"165":2,"166":2,"167":0,"168":0,"169":2,"170":0,"171":0,"172":2,"173":0,"174":0,"177":2,"178":2,"179":2,"180":2,"181":2,"182":2,"183":2,"184":2,"186":2,"188":2,"189":1,"190":1,"192":2,"193":0,"194":0,"197":1,"198":2,"199":2,"200":2,"201":2,"202":2,"203":2,"204":2,"205":2,"206":2,"207":2,"208":2,"209":2,"211":2,"212":2,"213":1,"214":1,"215":2,"218":1,"219":1,"220":1,"223":1,"224":0,"226":0,"227":0,"228":0,"231":0,"232":0,"233":0,"234":0,"235":0,"236":0,"239":0,"240":0,"241":0,"242":0,"243":0,"244":0,"246":0,"248":0,"249":0,"250":0,"252":0,"253":0,"254":0,"257":0,"258":0,"259":0,"260":0,"261":0,"262":0,"263":0,"264":0,"265":0,"266":0,"267":0,"268":0,"269":0,"271":0,"272":0,"273":0,"274":0,"275":0,"277":1,"278":4,"280":4,"281":2,"282":2,"284":2,"286":4,"287":1,"288":1,"289":4,"290":3,"291":3,"292":4,"294":1,"295":3,"296":3,"298":3,"299":0,"300":0,"302":3,"303":3,"304":3,"305":1,"306":1,"307":1,"308":1,"309":3,"312":1,"313":0,"314":0,"316":0,"317":0,"318":0,"319":0,"320":0,"321":0,"322":0,"323":0,"324":0,"326":0,"327":0,"328":0,"329":0,"330":0,"331":0,"332":0,"333":0,"334":0,"335":0,"336":0,"337":0,"338":0,"340":1,"341":0,"342":0,"343":0,"344":0,"345":0,"346":0,"347":0,"348":0,"349":0,"350":0,"351":0,"352":0,"353":0,"354":0,"355":0,"356":0,"357":0,"358":0,"359":0,"360":0,"361":0,"363":1,"364":0,"365":0,"366":0,"367":0,"368":0,"369":0,"370":0,"371":0,"372":0,"373":0,"374":0,"375":0,"376":0,"377":0,"378":0,"379":0,"380":0,"381":0,"382":0,"383":1},"branchMap":{"0":{"type":"branch","line":43,"loc":{"start":{"line":43,"column":17},"end":{"line":52,"column":3}},"locations":[{"start":{"line":43,"column":17},"end":{"line":52,"column":3}}]},"1":{"type":"branch","line":46,"loc":{"start":{"line":46,"column":31},"end":{"line":46,"column":39}},"locations":[{"start":{"line":46,"column":31},"end":{"line":46,"column":39}}]},"2":{"type":"branch","line":47,"loc":{"start":{"line":47,"column":20},"end":{"line":47,"column":32}},"locations":[{"start":{"line":47,"column":20},"end":{"line":47,"column":32}}]},"3":{"type":"branch","line":48,"loc":{"start":{"line":48,"column":23},"end":{"line":48,"column":38}},"locations":[{"start":{"line":48,"column":23},"end":{"line":48,"column":38}}]},"4":{"type":"branch","line":54,"loc":{"start":{"line":54,"column":2},"end":{"line":97,"column":3}},"locations":[{"start":{"line":54,"column":2},"end":{"line":97,"column":3}}]},"5":{"type":"branch","line":60,"loc":{"start":{"line":60,"column":29},"end":{"line":61,"column":55}},"locations":[{"start":{"line":60,"column":29},"end":{"line":61,"column":55}}]},"6":{"type":"branch","line":65,"loc":{"start":{"line":65,"column":29},"end":{"line":74,"column":7}},"locations":[{"start":{"line":65,"column":29},"end":{"line":74,"column":7}}]},"7":{"type":"branch","line":73,"loc":{"start":{"line":73,"column":53},"end":{"line":73,"column":99}},"locations":[{"start":{"line":73,"column":53},"end":{"line":73,"column":99}}]},"8":{"type":"branch","line":74,"loc":{"start":{"line":74,"column":6},"end":{"line":77,"column":57}},"locations":[{"start":{"line":74,"column":6},"end":{"line":77,"column":57}}]},"9":{"type":"branch","line":77,"loc":{"start":{"line":77,"column":49},"end":{"line":77,"column":61}},"locations":[{"start":{"line":77,"column":49},"end":{"line":77,"column":61}}]},"10":{"type":"branch","line":87,"loc":{"start":{"line":87,"column":4},"end":{"line":96,"column":5}},"locations":[{"start":{"line":87,"column":4},"end":{"line":96,"column":5}}]},"11":{"type":"branch","line":77,"loc":{"start":{"line":77,"column":65},"end":{"line":78,"column":42}},"locations":[{"start":{"line":77,"column":65},"end":{"line":78,"column":42}}]},"12":{"type":"branch","line":119,"loc":{"start":{"line":119,"column":2},"end":{"line":160,"column":3}},"locations":[{"start":{"line":119,"column":2},"end":{"line":160,"column":3}}]},"13":{"type":"branch","line":126,"loc":{"start":{"line":126,"column":29},"end":{"line":127,"column":55}},"locations":[{"start":{"line":126,"column":29},"end":{"line":127,"column":55}}]},"14":{"type":"branch","line":127,"loc":{"start":{"line":127,"column":54},"end":{"line":128,"column":20}},"locations":[{"start":{"line":127,"column":54},"end":{"line":128,"column":20}}]},"15":{"type":"branch","line":129,"loc":{"start":{"line":129,"column":89},"end":{"line":131,"column":29}},"locations":[{"start":{"line":129,"column":89},"end":{"line":131,"column":29}}]},"16":{"type":"branch","line":131,"loc":{"start":{"line":131,"column":29},"end":{"line":142,"column":91}},"locations":[{"start":{"line":131,"column":29},"end":{"line":142,"column":91}}]},"17":{"type":"branch","line":137,"loc":{"start":{"line":137,"column":26},"end":{"line":137,"column":52}},"locations":[{"start":{"line":137,"column":26},"end":{"line":137,"column":52}}]},"18":{"type":"branch","line":137,"loc":{"start":{"line":137,"column":43},"end":{"line":137,"column":68}},"locations":[{"start":{"line":137,"column":43},"end":{"line":137,"column":68}}]},"19":{"type":"branch","line":142,"loc":{"start":{"line":142,"column":87},"end":{"line":142,"column":96}},"locations":[{"start":{"line":142,"column":87},"end":{"line":142,"column":96}}]},"20":{"type":"branch","line":150,"loc":{"start":{"line":150,"column":4},"end":{"line":159,"column":5}},"locations":[{"start":{"line":150,"column":4},"end":{"line":159,"column":5}}]},"21":{"type":"branch","line":163,"loc":{"start":{"line":163,"column":2},"end":{"line":216,"column":3}},"locations":[{"start":{"line":163,"column":2},"end":{"line":216,"column":3}}]},"22":{"type":"branch","line":167,"loc":{"start":{"line":167,"column":20},"end":{"line":169,"column":7}},"locations":[{"start":{"line":167,"column":20},"end":{"line":169,"column":7}}]},"23":{"type":"branch","line":170,"loc":{"start":{"line":170,"column":31},"end":{"line":172,"column":7}},"locations":[{"start":{"line":170,"column":31},"end":{"line":172,"column":7}}]},"24":{"type":"branch","line":173,"loc":{"start":{"line":173,"column":34},"end":{"line":175,"column":7}},"locations":[{"start":{"line":173,"column":34},"end":{"line":175,"column":7}}]},"25":{"type":"branch","line":182,"loc":{"start":{"line":182,"column":32},"end":{"line":182,"column":56}},"locations":[{"start":{"line":182,"column":32},"end":{"line":182,"column":56}}]},"26":{"type":"branch","line":183,"loc":{"start":{"line":183,"column":33},"end":{"line":183,"column":43}},"locations":[{"start":{"line":183,"column":33},"end":{"line":183,"column":43}}]},"27":{"type":"branch","line":184,"loc":{"start":{"line":184,"column":39},"end":{"line":184,"column":49}},"locations":[{"start":{"line":184,"column":39},"end":{"line":184,"column":49}}]},"28":{"type":"branch","line":189,"loc":{"start":{"line":189,"column":29},"end":{"line":193,"column":26}},"locations":[{"start":{"line":189,"column":29},"end":{"line":193,"column":26}}]},"29":{"type":"branch","line":190,"loc":{"start":{"line":190,"column":53},"end":{"line":190,"column":94}},"locations":[{"start":{"line":190,"column":53},"end":{"line":190,"column":94}}]},"30":{"type":"branch","line":193,"loc":{"start":{"line":193,"column":26},"end":{"line":195,"column":7}},"locations":[{"start":{"line":193,"column":26},"end":{"line":195,"column":7}}]},"31":{"type":"branch","line":195,"loc":{"start":{"line":195,"column":6},"end":{"line":199,"column":40}},"locations":[{"start":{"line":195,"column":6},"end":{"line":199,"column":40}}]},"32":{"type":"branch","line":199,"loc":{"start":{"line":199,"column":40},"end":{"line":199,"column":48}},"locations":[{"start":{"line":199,"column":40},"end":{"line":199,"column":48}}]},"33":{"type":"branch","line":203,"loc":{"start":{"line":203,"column":29},"end":{"line":203,"column":43}},"locations":[{"start":{"line":203,"column":29},"end":{"line":203,"column":43}}]},"34":{"type":"branch","line":204,"loc":{"start":{"line":204,"column":32},"end":{"line":204,"column":49}},"locations":[{"start":{"line":204,"column":32},"end":{"line":204,"column":49}}]},"35":{"type":"branch","line":205,"loc":{"start":{"line":205,"column":40},"end":{"line":205,"column":86}},"locations":[{"start":{"line":205,"column":40},"end":{"line":205,"column":86}}]},"36":{"type":"branch","line":205,"loc":{"start":{"line":205,"column":66},"end":{"line":205,"column":88}},"locations":[{"start":{"line":205,"column":66},"end":{"line":205,"column":88}}]},"37":{"type":"branch","line":206,"loc":{"start":{"line":206,"column":28},"end":{"line":206,"column":41}},"locations":[{"start":{"line":206,"column":28},"end":{"line":206,"column":41}}]},"38":{"type":"branch","line":207,"loc":{"start":{"line":207,"column":37},"end":{"line":207,"column":67}},"locations":[{"start":{"line":207,"column":37},"end":{"line":207,"column":67}}]},"39":{"type":"branch","line":209,"loc":{"start":{"line":209,"column":34},"end":{"line":209,"column":73}},"locations":[{"start":{"line":209,"column":34},"end":{"line":209,"column":73}}]},"40":{"type":"branch","line":213,"loc":{"start":{"line":213,"column":4},"end":{"line":215,"column":5}},"locations":[{"start":{"line":213,"column":4},"end":{"line":215,"column":5}}]},"41":{"type":"branch","line":219,"loc":{"start":{"line":219,"column":2},"end":{"line":221,"column":3}},"locations":[{"start":{"line":219,"column":2},"end":{"line":221,"column":3}}]},"42":{"type":"branch","line":278,"loc":{"start":{"line":278,"column":2},"end":{"line":293,"column":3}},"locations":[{"start":{"line":278,"column":2},"end":{"line":293,"column":3}}]},"43":{"type":"branch","line":281,"loc":{"start":{"line":281,"column":11},"end":{"line":281,"column":29}},"locations":[{"start":{"line":281,"column":11},"end":{"line":281,"column":29}}]},"44":{"type":"branch","line":281,"loc":{"start":{"line":281,"column":24},"end":{"line":281,"column":39}},"locations":[{"start":{"line":281,"column":24},"end":{"line":281,"column":39}}]},"45":{"type":"branch","line":281,"loc":{"start":{"line":281,"column":39},"end":{"line":287,"column":29}},"locations":[{"start":{"line":281,"column":39},"end":{"line":287,"column":29}}]},"46":{"type":"branch","line":287,"loc":{"start":{"line":287,"column":29},"end":{"line":289,"column":7}},"locations":[{"start":{"line":287,"column":29},"end":{"line":289,"column":7}}]},"47":{"type":"branch","line":288,"loc":{"start":{"line":288,"column":53},"end":{"line":288,"column":94}},"locations":[{"start":{"line":288,"column":53},"end":{"line":288,"column":94}}]},"48":{"type":"branch","line":290,"loc":{"start":{"line":290,"column":4},"end":{"line":292,"column":5}},"locations":[{"start":{"line":290,"column":4},"end":{"line":292,"column":5}}]},"49":{"type":"branch","line":295,"loc":{"start":{"line":295,"column":2},"end":{"line":310,"column":3}},"locations":[{"start":{"line":295,"column":2},"end":{"line":310,"column":3}}]},"50":{"type":"branch","line":297,"loc":{"start":{"line":297,"column":88},"end":{"line":299,"column":29}},"locations":[{"start":{"line":297,"column":88},"end":{"line":299,"column":29}}]},"51":{"type":"branch","line":299,"loc":{"start":{"line":299,"column":29},"end":{"line":301,"column":7}},"locations":[{"start":{"line":299,"column":29},"end":{"line":301,"column":7}}]},"52":{"type":"branch","line":301,"loc":{"start":{"line":301,"column":6},"end":{"line":303,"column":52}},"locations":[{"start":{"line":301,"column":6},"end":{"line":303,"column":52}}]},"53":{"type":"branch","line":303,"loc":{"start":{"line":303,"column":42},"end":{"line":303,"column":58}},"locations":[{"start":{"line":303,"column":42},"end":{"line":303,"column":58}}]},"54":{"type":"branch","line":305,"loc":{"start":{"line":305,"column":4},"end":{"line":309,"column":5}},"locations":[{"start":{"line":305,"column":4},"end":{"line":309,"column":5}}]}},"b":{"0":[3],"1":[0],"2":[1],"3":[1],"4":[3],"5":[0],"6":[1],"7":[0],"8":[2],"9":[0],"10":[1],"11":[2],"12":[3],"13":[1],"14":[2],"15":[2],"16":[1],"17":[0],"18":[0],"19":[0],"20":[1],"21":[2],"22":[0],"23":[0],"24":[0],"25":[0],"26":[1],"27":[1],"28":[1],"29":[0],"30":[0],"31":[1],"32":[0],"33":[1],"34":[1],"35":[1],"36":[0],"37":[1],"38":[0],"39":[1],"40":[1],"41":[1],"42":[4],"43":[3],"44":[3],"45":[2],"46":[1],"47":[0],"48":[3],"49":[3],"50":[2],"51":[0],"52":[2],"53":[1],"54":[1]},"fnMap":{"0":{"name":"mapDbUtente","decl":{"start":{"line":43,"column":17},"end":{"line":52,"column":3}},"loc":{"start":{"line":43,"column":17},"end":{"line":52,"column":3}},"line":43},"1":{"name":"getUtenti","decl":{"start":{"line":54,"column":2},"end":{"line":97,"column":3}},"loc":{"start":{"line":54,"column":2},"end":{"line":97,"column":3}},"line":54},"2":{"name":"getExDipendenti","decl":{"start":{"line":100,"column":2},"end":{"line":116,"column":3}},"loc":{"start":{"line":100,"column":2},"end":{"line":116,"column":3}},"line":100},"3":{"name":"getUtenteByPin","decl":{"start":{"line":119,"column":2},"end":{"line":160,"column":3}},"loc":{"start":{"line":119,"column":2},"end":{"line":160,"column":3}},"line":119},"4":{"name":"upsertUtente","decl":{"start":{"line":163,"column":2},"end":{"line":216,"column":3}},"loc":{"start":{"line":163,"column":2},"end":{"line":216,"column":3}},"line":163},"5":{"name":"createUtente","decl":{"start":{"line":219,"column":2},"end":{"line":221,"column":3}},"loc":{"start":{"line":219,"column":2},"end":{"line":221,"column":3}},"line":219},"6":{"name":"updateUtente","decl":{"start":{"line":224,"column":2},"end":{"line":276,"column":3}},"loc":{"start":{"line":224,"column":2},"end":{"line":276,"column":3}},"line":224},"7":{"name":"deleteUtente","decl":{"start":{"line":278,"column":2},"end":{"line":293,"column":3}},"loc":{"start":{"line":278,"column":2},"end":{"line":293,"column":3}},"line":278},"8":{"name":"isPinAvailable","decl":{"start":{"line":295,"column":2},"end":{"line":310,"column":3}},"loc":{"start":{"line":295,"column":2},"end":{"line":310,"column":3}},"line":295},"9":{"name":"archiveUtente","decl":{"start":{"line":313,"column":2},"end":{"line":339,"column":3}},"loc":{"start":{"line":313,"column":2},"end":{"line":339,"column":3}},"line":313},"10":{"name":"restoreUtente","decl":{"start":{"line":341,"column":2},"end":{"line":362,"column":3}},"loc":{"start":{"line":341,"column":2},"end":{"line":362,"column":3}},"line":341},"11":{"name":"deleteExDipendente","decl":{"start":{"line":364,"column":2},"end":{"line":383,"column":3}},"loc":{"start":{"line":364,"column":2},"end":{"line":383,"column":3}},"line":364}},"f":{"0":3,"1":3,"2":0,"3":3,"4":2,"5":1,"6":0,"7":4,"8":3,"9":0,"10":0,"11":0}}
,"/home/runner/workspace/badgenode_main/client/src/utils/validation/pin.ts": {"path":"/home/runner/workspace/badgenode_main/client/src/utils/validation/pin.ts","all":false,"statementMap":{"1":{"start":{"line":2,"column":0},"end":{"line":2,"column":78}},"2":{"start":{"line":3,"column":0},"end":{"line":3,"column":54}},"3":{"start":{"line":4,"column":0},"end":{"line":4,"column":67}},"4":{"start":{"line":5,"column":0},"end":{"line":5,"column":55}},"5":{"start":{"line":6,"column":0},"end":{"line":6,"column":1}},"7":{"start":{"line":8,"column":0},"end":{"line":8,"column":90}},"8":{"start":{"line":9,"column":0},"end":{"line":9,"column":25}},"9":{"start":{"line":10,"column":0},"end":{"line":10,"column":40}},"10":{"start":{"line":11,"column":0},"end":{"line":11,"column":3}},"11":{"start":{"line":12,"column":0},"end":{"line":12,"column":14}},"12":{"start":{"line":13,"column":0},"end":{"line":13,"column":1}},"14":{"start":{"line":15,"column":0},"end":{"line":15,"column":62}}},"s":{"1":1,"2":38,"3":38,"4":38,"5":38,"7":1,"8":13,"9":6,"10":6,"11":7,"12":7,"14":1},"branchMap":{"0":{"type":"branch","line":2,"loc":{"start":{"line":2,"column":7},"end":{"line":6,"column":1}},"locations":[{"start":{"line":2,"column":7},"end":{"line":6,"column":1}}]},"1":{"type":"branch","line":3,"loc":{"start":{"line":3,"column":14},"end":{"line":3,"column":41}},"locations":[{"start":{"line":3,"column":14},"end":{"line":3,"column":41}}]},"2":{"type":"branch","line":3,"loc":{"start":{"line":3,"column":41},"end":{"line":3,"column":54}},"locations":[{"start":{"line":3,"column":41},"end":{"line":3,"column":54}}]},"3":{"type":"branch","line":3,"loc":{"start":{"line":3,"column":48},"end":{"line":4,"column":43}},"locations":[{"start":{"line":3,"column":48},"end":{"line":4,"column":43}}]},"4":{"type":"branch","line":4,"loc":{"start":{"line":4,"column":32},"end":{"line":4,"column":63}},"locations":[{"start":{"line":4,"column":32},"end":{"line":4,"column":63}}]},"5":{"type":"branch","line":4,"loc":{"start":{"line":4,"column":59},"end":{"line":4,"column":67}},"locations":[{"start":{"line":4,"column":59},"end":{"line":4,"column":67}}]},"6":{"type":"branch","line":5,"loc":{"start":{"line":5,"column":22},"end":{"line":5,"column":42}},"locations":[{"start":{"line":5,"column":22},"end":{"line":5,"column":42}}]},"7":{"type":"branch","line":5,"loc":{"start":{"line":5,"column":37},"end":{"line":5,"column":55}},"locations":[{"start":{"line":5,"column":37},"end":{"line":5,"column":55}}]},"8":{"type":"branch","line":8,"loc":{"start":{"line":8,"column":7},"end":{"line":13,"column":1}},"locations":[{"start":{"line":8,"column":7},"end":{"line":13,"column":1}}]},"9":{"type":"branch","line":9,"loc":{"start":{"line":9,"column":24},"end":{"line":11,"column":3}},"locations":[{"start":{"line":9,"column":24},"end":{"line":11,"column":3}}]},"10":{"type":"branch","line":11,"loc":{"start":{"line":11,"column":2},"end":{"line":13,"column":1}},"locations":[{"start":{"line":11,"column":2},"end":{"line":13,"column":1}}]}},"b":{"0":[38],"1":[36],"2":[4],"3":[34],"4":[10],"5":[24],"6":[30],"7":[23],"8":[13],"9":[6],"10":[7]},"fnMap":{"0":{"name":"isValidPin","decl":{"start":{"line":2,"column":7},"end":{"line":6,"column":1}},"loc":{"start":{"line":2,"column":7},"end":{"line":6,"column":1}},"line":2},"1":{"name":"validatePinInput","decl":{"start":{"line":8,"column":7},"end":{"line":13,"column":1}},"loc":{"start":{"line":8,"column":7},"end":{"line":13,"column":1}},"line":8}},"f":{"0":38,"1":13}}
,"/home/runner/workspace/badgenode_main/server/routes/modules/utenti.ts": {"path":"/home/runner/workspace/badgenode_main/server/routes/modules/utenti.ts","all":false,"statementMap":{"0":{"start":{"line":1,"column":0},"end":{"line":1,"column":48}},"1":{"start":{"line":2,"column":0},"end":{"line":2,"column":56}},"2":{"start":{"line":3,"column":0},"end":{"line":3,"column":39}},"5":{"start":{"line":6,"column":0},"end":{"line":6,"column":24}},"39":{"start":{"line":40,"column":0},"end":{"line":40,"column":21}},"40":{"start":{"line":41,"column":0},"end":{"line":41,"column":76}},"42":{"start":{"line":43,"column":0},"end":{"line":43,"column":65}},"43":{"start":{"line":44,"column":0},"end":{"line":44,"column":45}},"44":{"start":{"line":45,"column":0},"end":{"line":45,"column":31}},"45":{"start":{"line":46,"column":0},"end":{"line":46,"column":45}},"46":{"start":{"line":47,"column":0},"end":{"line":47,"column":1}},"48":{"start":{"line":49,"column":0},"end":{"line":49,"column":58}},"49":{"start":{"line":50,"column":0},"end":{"line":50,"column":55}},"50":{"start":{"line":51,"column":0},"end":{"line":51,"column":1}},"52":{"start":{"line":53,"column":0},"end":{"line":53,"column":71}},"53":{"start":{"line":54,"column":0},"end":{"line":54,"column":78}},"54":{"start":{"line":55,"column":0},"end":{"line":55,"column":86}},"55":{"start":{"line":56,"column":0},"end":{"line":56,"column":55}},"56":{"start":{"line":57,"column":0},"end":{"line":57,"column":1}},"58":{"start":{"line":59,"column":0},"end":{"line":59,"column":44}},"59":{"start":{"line":60,"column":0},"end":{"line":60,"column":31}},"60":{"start":{"line":61,"column":0},"end":{"line":61,"column":19}},"61":{"start":{"line":62,"column":0},"end":{"line":62,"column":50}},"62":{"start":{"line":63,"column":0},"end":{"line":63,"column":24}},"63":{"start":{"line":64,"column":0},"end":{"line":64,"column":5}},"64":{"start":{"line":65,"column":0},"end":{"line":65,"column":1}},"66":{"start":{"line":67,"column":0},"end":{"line":67,"column":52}},"67":{"start":{"line":68,"column":0},"end":{"line":68,"column":7}},"68":{"start":{"line":69,"column":0},"end":{"line":69,"column":33}},"69":{"start":{"line":70,"column":0},"end":{"line":70,"column":18}},"70":{"start":{"line":71,"column":0},"end":{"line":71,"column":37}},"71":{"start":{"line":72,"column":0},"end":{"line":72,"column":5}},"73":{"start":{"line":74,"column":0},"end":{"line":74,"column":55}},"74":{"start":{"line":75,"column":0},"end":{"line":75,"column":60}},"75":{"start":{"line":76,"column":0},"end":{"line":76,"column":37}},"76":{"start":{"line":77,"column":0},"end":{"line":77,"column":5}},"78":{"start":{"line":79,"column":0},"end":{"line":79,"column":40}},"79":{"start":{"line":80,"column":0},"end":{"line":80,"column":28}},"80":{"start":{"line":81,"column":0},"end":{"line":81,"column":24}},"81":{"start":{"line":82,"column":0},"end":{"line":82,"column":16}},"83":{"start":{"line":84,"column":0},"end":{"line":84,"column":16}},"84":{"start":{"line":85,"column":0},"end":{"line":85,"column":38}},"85":{"start":{"line":86,"column":0},"end":{"line":86,"column":37}},"86":{"start":{"line":87,"column":0},"end":{"line":87,"column":25}},"87":{"start":{"line":88,"column":0},"end":{"line":88,"column":56}},"88":{"start":{"line":89,"column":0},"end":{"line":89,"column":28}},"89":{"start":{"line":90,"column":0},"end":{"line":90,"column":11}},"90":{"start":{"line":91,"column":0},"end":{"line":91,"column":7}},"92":{"start":{"line":93,"column":0},"end":{"line":93,"column":105}},"93":{"start":{"line":94,"column":0},"end":{"line":94,"column":35}},"94":{"start":{"line":95,"column":0},"end":{"line":95,"column":23}},"95":{"start":{"line":96,"column":0},"end":{"line":96,"column":56}},"96":{"start":{"line":97,"column":0},"end":{"line":97,"column":28}},"97":{"start":{"line":98,"column":0},"end":{"line":98,"column":9}},"98":{"start":{"line":99,"column":0},"end":{"line":99,"column":5}},"100":{"start":{"line":101,"column":0},"end":{"line":101,"column":21}},"101":{"start":{"line":102,"column":0},"end":{"line":102,"column":20}},"102":{"start":{"line":103,"column":0},"end":{"line":103,"column":11}},"103":{"start":{"line":104,"column":0},"end":{"line":104,"column":7}},"104":{"start":{"line":105,"column":0},"end":{"line":105,"column":19}},"105":{"start":{"line":106,"column":0},"end":{"line":106,"column":98}},"106":{"start":{"line":107,"column":0},"end":{"line":107,"column":33}},"107":{"start":{"line":108,"column":0},"end":{"line":108,"column":21}},"108":{"start":{"line":109,"column":0},"end":{"line":109,"column":71}},"109":{"start":{"line":110,"column":0},"end":{"line":110,"column":29}},"110":{"start":{"line":111,"column":0},"end":{"line":111,"column":7}},"111":{"start":{"line":112,"column":0},"end":{"line":112,"column":3}},"112":{"start":{"line":113,"column":0},"end":{"line":113,"column":3}},"114":{"start":{"line":115,"column":0},"end":{"line":115,"column":44}},"115":{"start":{"line":116,"column":0},"end":{"line":116,"column":31}},"116":{"start":{"line":117,"column":0},"end":{"line":117,"column":19}},"117":{"start":{"line":118,"column":0},"end":{"line":118,"column":79}},"118":{"start":{"line":119,"column":0},"end":{"line":119,"column":32}},"119":{"start":{"line":120,"column":0},"end":{"line":120,"column":5}},"120":{"start":{"line":121,"column":0},"end":{"line":121,"column":1}},"122":{"start":{"line":123,"column":0},"end":{"line":123,"column":86}},"123":{"start":{"line":124,"column":0},"end":{"line":124,"column":27}},"124":{"start":{"line":125,"column":0},"end":{"line":125,"column":10}},"125":{"start":{"line":126,"column":0},"end":{"line":126,"column":29}},"126":{"start":{"line":127,"column":0},"end":{"line":127,"column":27}},"127":{"start":{"line":128,"column":0},"end":{"line":128,"column":64}},"129":{"start":{"line":130,"column":0},"end":{"line":130,"column":1}},"131":{"start":{"line":132,"column":0},"end":{"line":132,"column":51}},"132":{"start":{"line":133,"column":0},"end":{"line":133,"column":34}},"133":{"start":{"line":134,"column":0},"end":{"line":134,"column":71}},"134":{"start":{"line":135,"column":0},"end":{"line":135,"column":1}},"136":{"start":{"line":137,"column":0},"end":{"line":137,"column":47}},"137":{"start":{"line":138,"column":0},"end":{"line":138,"column":7}},"138":{"start":{"line":139,"column":0},"end":{"line":139,"column":65}},"139":{"start":{"line":140,"column":0},"end":{"line":140,"column":33}},"140":{"start":{"line":141,"column":0},"end":{"line":141,"column":18}},"141":{"start":{"line":142,"column":0},"end":{"line":142,"column":37}},"142":{"start":{"line":143,"column":0},"end":{"line":143,"column":5}},"144":{"start":{"line":145,"column":0},"end":{"line":145,"column":40}},"145":{"start":{"line":146,"column":0},"end":{"line":146,"column":28}},"146":{"start":{"line":147,"column":0},"end":{"line":147,"column":20}},"148":{"start":{"line":149,"column":0},"end":{"line":149,"column":16}},"149":{"start":{"line":150,"column":0},"end":{"line":150,"column":97}},"150":{"start":{"line":151,"column":0},"end":{"line":151,"column":35}},"151":{"start":{"line":152,"column":0},"end":{"line":152,"column":23}},"152":{"start":{"line":153,"column":0},"end":{"line":153,"column":57}},"153":{"start":{"line":154,"column":0},"end":{"line":154,"column":28}},"154":{"start":{"line":155,"column":0},"end":{"line":155,"column":9}},"155":{"start":{"line":156,"column":0},"end":{"line":156,"column":5}},"157":{"start":{"line":158,"column":0},"end":{"line":158,"column":21}},"158":{"start":{"line":159,"column":0},"end":{"line":159,"column":20}},"159":{"start":{"line":160,"column":0},"end":{"line":160,"column":23}},"160":{"start":{"line":161,"column":0},"end":{"line":161,"column":7}},"161":{"start":{"line":162,"column":0},"end":{"line":162,"column":19}},"162":{"start":{"line":163,"column":0},"end":{"line":163,"column":119}},"163":{"start":{"line":164,"column":0},"end":{"line":164,"column":33}},"164":{"start":{"line":165,"column":0},"end":{"line":165,"column":21}},"165":{"start":{"line":166,"column":0},"end":{"line":166,"column":71}},"166":{"start":{"line":167,"column":0},"end":{"line":167,"column":29}},"167":{"start":{"line":168,"column":0},"end":{"line":168,"column":7}},"168":{"start":{"line":169,"column":0},"end":{"line":169,"column":3}},"169":{"start":{"line":170,"column":0},"end":{"line":170,"column":3}},"171":{"start":{"line":172,"column":0},"end":{"line":172,"column":56}},"172":{"start":{"line":173,"column":0},"end":{"line":173,"column":7}},"173":{"start":{"line":174,"column":0},"end":{"line":174,"column":33}},"174":{"start":{"line":175,"column":0},"end":{"line":175,"column":18}},"175":{"start":{"line":176,"column":0},"end":{"line":176,"column":37}},"176":{"start":{"line":177,"column":0},"end":{"line":177,"column":5}},"178":{"start":{"line":179,"column":0},"end":{"line":179,"column":55}},"179":{"start":{"line":180,"column":0},"end":{"line":180,"column":60}},"180":{"start":{"line":181,"column":0},"end":{"line":181,"column":37}},"181":{"start":{"line":182,"column":0},"end":{"line":182,"column":5}},"183":{"start":{"line":184,"column":0},"end":{"line":184,"column":40}},"184":{"start":{"line":185,"column":0},"end":{"line":185,"column":35}},"185":{"start":{"line":186,"column":0},"end":{"line":186,"column":24}},"186":{"start":{"line":187,"column":0},"end":{"line":187,"column":16}},"188":{"start":{"line":189,"column":0},"end":{"line":189,"column":16}},"189":{"start":{"line":190,"column":0},"end":{"line":190,"column":38}},"190":{"start":{"line":191,"column":0},"end":{"line":191,"column":25}},"191":{"start":{"line":192,"column":0},"end":{"line":192,"column":24}},"192":{"start":{"line":193,"column":0},"end":{"line":193,"column":24}},"193":{"start":{"line":194,"column":0},"end":{"line":194,"column":22}},"194":{"start":{"line":195,"column":0},"end":{"line":195,"column":11}},"195":{"start":{"line":196,"column":0},"end":{"line":196,"column":7}},"197":{"start":{"line":198,"column":0},"end":{"line":198,"column":89}},"198":{"start":{"line":199,"column":0},"end":{"line":199,"column":35}},"199":{"start":{"line":200,"column":0},"end":{"line":200,"column":23}},"200":{"start":{"line":201,"column":0},"end":{"line":201,"column":52}},"201":{"start":{"line":202,"column":0},"end":{"line":202,"column":28}},"202":{"start":{"line":203,"column":0},"end":{"line":203,"column":9}},"203":{"start":{"line":204,"column":0},"end":{"line":204,"column":5}},"205":{"start":{"line":206,"column":0},"end":{"line":206,"column":21}},"206":{"start":{"line":207,"column":0},"end":{"line":207,"column":20}},"207":{"start":{"line":208,"column":0},"end":{"line":208,"column":19}},"208":{"start":{"line":209,"column":0},"end":{"line":209,"column":11}},"209":{"start":{"line":210,"column":0},"end":{"line":210,"column":7}},"210":{"start":{"line":211,"column":0},"end":{"line":211,"column":19}},"211":{"start":{"line":212,"column":0},"end":{"line":212,"column":74}},"212":{"start":{"line":213,"column":0},"end":{"line":213,"column":33}},"213":{"start":{"line":214,"column":0},"end":{"line":214,"column":21}},"214":{"start":{"line":215,"column":0},"end":{"line":215,"column":71}},"215":{"start":{"line":216,"column":0},"end":{"line":216,"column":29}},"216":{"start":{"line":217,"column":0},"end":{"line":217,"column":7}},"217":{"start":{"line":218,"column":0},"end":{"line":218,"column":3}},"218":{"start":{"line":219,"column":0},"end":{"line":219,"column":3}},"220":{"start":{"line":221,"column":0},"end":{"line":221,"column":48}},"221":{"start":{"line":222,"column":0},"end":{"line":222,"column":7}},"222":{"start":{"line":223,"column":0},"end":{"line":223,"column":33}},"223":{"start":{"line":224,"column":0},"end":{"line":224,"column":18}},"224":{"start":{"line":225,"column":0},"end":{"line":225,"column":37}},"225":{"start":{"line":226,"column":0},"end":{"line":226,"column":5}},"227":{"start":{"line":228,"column":0},"end":{"line":228,"column":11}},"228":{"start":{"line":229,"column":0},"end":{"line":229,"column":18}},"229":{"start":{"line":230,"column":0},"end":{"line":230,"column":20}},"230":{"start":{"line":231,"column":0},"end":{"line":231,"column":26}},"231":{"start":{"line":232,"column":0},"end":{"line":232,"column":22}},"232":{"start":{"line":233,"column":0},"end":{"line":233,"column":28}},"233":{"start":{"line":234,"column":0},"end":{"line":234,"column":43}},"234":{"start":{"line":235,"column":0},"end":{"line":235,"column":20}},"235":{"start":{"line":236,"column":0},"end":{"line":236,"column":23}},"237":{"start":{"line":238,"column":0},"end":{"line":238,"column":90}},"238":{"start":{"line":239,"column":0},"end":{"line":239,"column":50}},"239":{"start":{"line":240,"column":0},"end":{"line":240,"column":56}},"240":{"start":{"line":241,"column":0},"end":{"line":241,"column":52}},"241":{"start":{"line":242,"column":0},"end":{"line":242,"column":58}},"242":{"start":{"line":243,"column":0},"end":{"line":243,"column":50}},"243":{"start":{"line":244,"column":0},"end":{"line":244,"column":80}},"245":{"start":{"line":246,"column":0},"end":{"line":246,"column":28}},"246":{"start":{"line":247,"column":0},"end":{"line":247,"column":35}},"247":{"start":{"line":248,"column":0},"end":{"line":248,"column":23}},"248":{"start":{"line":249,"column":0},"end":{"line":249,"column":49}},"249":{"start":{"line":250,"column":0},"end":{"line":250,"column":28}},"250":{"start":{"line":251,"column":0},"end":{"line":251,"column":9}},"251":{"start":{"line":252,"column":0},"end":{"line":252,"column":5}},"253":{"start":{"line":254,"column":0},"end":{"line":254,"column":51}},"254":{"start":{"line":255,"column":0},"end":{"line":255,"column":37}},"255":{"start":{"line":256,"column":0},"end":{"line":256,"column":5}},"257":{"start":{"line":258,"column":0},"end":{"line":258,"column":87}},"258":{"start":{"line":259,"column":0},"end":{"line":259,"column":35}},"259":{"start":{"line":260,"column":0},"end":{"line":260,"column":23}},"260":{"start":{"line":261,"column":0},"end":{"line":261,"column":34}},"261":{"start":{"line":262,"column":0},"end":{"line":262,"column":28}},"262":{"start":{"line":263,"column":0},"end":{"line":263,"column":9}},"263":{"start":{"line":264,"column":0},"end":{"line":264,"column":5}},"265":{"start":{"line":266,"column":0},"end":{"line":266,"column":92}},"266":{"start":{"line":267,"column":0},"end":{"line":267,"column":35}},"267":{"start":{"line":268,"column":0},"end":{"line":268,"column":23}},"268":{"start":{"line":269,"column":0},"end":{"line":269,"column":62}},"269":{"start":{"line":270,"column":0},"end":{"line":270,"column":28}},"270":{"start":{"line":271,"column":0},"end":{"line":271,"column":9}},"271":{"start":{"line":272,"column":0},"end":{"line":272,"column":5}},"273":{"start":{"line":274,"column":0},"end":{"line":274,"column":41}},"274":{"start":{"line":275,"column":0},"end":{"line":275,"column":10}},"275":{"start":{"line":276,"column":0},"end":{"line":276,"column":11}},"276":{"start":{"line":277,"column":0},"end":{"line":277,"column":14}},"277":{"start":{"line":278,"column":0},"end":{"line":278,"column":12}},"278":{"start":{"line":279,"column":0},"end":{"line":279,"column":15}},"279":{"start":{"line":280,"column":0},"end":{"line":280,"column":40}},"280":{"start":{"line":281,"column":0},"end":{"line":281,"column":11}},"281":{"start":{"line":282,"column":0},"end":{"line":282,"column":6}},"283":{"start":{"line":284,"column":0},"end":{"line":284,"column":40}},"284":{"start":{"line":285,"column":0},"end":{"line":285,"column":28}},"285":{"start":{"line":286,"column":0},"end":{"line":286,"column":28}},"286":{"start":{"line":287,"column":0},"end":{"line":287,"column":16}},"288":{"start":{"line":289,"column":0},"end":{"line":289,"column":16}},"289":{"start":{"line":290,"column":0},"end":{"line":290,"column":96}},"291":{"start":{"line":292,"column":0},"end":{"line":292,"column":35}},"292":{"start":{"line":293,"column":0},"end":{"line":293,"column":37}},"293":{"start":{"line":294,"column":0},"end":{"line":294,"column":25}},"294":{"start":{"line":295,"column":0},"end":{"line":295,"column":41}},"295":{"start":{"line":296,"column":0},"end":{"line":296,"column":28}},"296":{"start":{"line":297,"column":0},"end":{"line":297,"column":11}},"297":{"start":{"line":298,"column":0},"end":{"line":298,"column":7}},"299":{"start":{"line":300,"column":0},"end":{"line":300,"column":35}},"300":{"start":{"line":301,"column":0},"end":{"line":301,"column":23}},"301":{"start":{"line":302,"column":0},"end":{"line":302,"column":58}},"302":{"start":{"line":303,"column":0},"end":{"line":303,"column":28}},"303":{"start":{"line":304,"column":0},"end":{"line":304,"column":9}},"304":{"start":{"line":305,"column":0},"end":{"line":305,"column":5}},"306":{"start":{"line":307,"column":0},"end":{"line":307,"column":78}},"308":{"start":{"line":309,"column":0},"end":{"line":309,"column":33}},"309":{"start":{"line":310,"column":0},"end":{"line":310,"column":20}},"310":{"start":{"line":311,"column":0},"end":{"line":311,"column":30}},"311":{"start":{"line":312,"column":0},"end":{"line":312,"column":7}},"312":{"start":{"line":313,"column":0},"end":{"line":313,"column":19}},"313":{"start":{"line":314,"column":0},"end":{"line":314,"column":76}},"315":{"start":{"line":316,"column":0},"end":{"line":316,"column":33}},"316":{"start":{"line":317,"column":0},"end":{"line":317,"column":21}},"317":{"start":{"line":318,"column":0},"end":{"line":318,"column":41}},"318":{"start":{"line":319,"column":0},"end":{"line":319,"column":29}},"319":{"start":{"line":320,"column":0},"end":{"line":320,"column":7}},"320":{"start":{"line":321,"column":0},"end":{"line":321,"column":3}},"321":{"start":{"line":322,"column":0},"end":{"line":322,"column":3}},"323":{"start":{"line":324,"column":0},"end":{"line":324,"column":52}},"324":{"start":{"line":325,"column":0},"end":{"line":325,"column":7}},"325":{"start":{"line":326,"column":0},"end":{"line":326,"column":33}},"326":{"start":{"line":327,"column":0},"end":{"line":327,"column":18}},"327":{"start":{"line":328,"column":0},"end":{"line":328,"column":37}},"328":{"start":{"line":329,"column":0},"end":{"line":329,"column":5}},"330":{"start":{"line":331,"column":0},"end":{"line":331,"column":55}},"331":{"start":{"line":332,"column":0},"end":{"line":332,"column":60}},"332":{"start":{"line":333,"column":0},"end":{"line":333,"column":37}},"333":{"start":{"line":334,"column":0},"end":{"line":334,"column":5}},"335":{"start":{"line":336,"column":0},"end":{"line":336,"column":86}},"336":{"start":{"line":337,"column":0},"end":{"line":337,"column":43}},"338":{"start":{"line":339,"column":0},"end":{"line":339,"column":29}},"339":{"start":{"line":340,"column":0},"end":{"line":340,"column":52}},"340":{"start":{"line":341,"column":0},"end":{"line":341,"column":21}},"341":{"start":{"line":342,"column":0},"end":{"line":342,"column":37}},"342":{"start":{"line":343,"column":0},"end":{"line":343,"column":25}},"343":{"start":{"line":344,"column":0},"end":{"line":344,"column":45}},"344":{"start":{"line":345,"column":0},"end":{"line":345,"column":30}},"345":{"start":{"line":346,"column":0},"end":{"line":346,"column":11}},"346":{"start":{"line":347,"column":0},"end":{"line":347,"column":7}},"347":{"start":{"line":348,"column":0},"end":{"line":348,"column":35}},"348":{"start":{"line":349,"column":0},"end":{"line":349,"column":5}},"350":{"start":{"line":351,"column":0},"end":{"line":351,"column":32}},"351":{"start":{"line":352,"column":0},"end":{"line":352,"column":58}},"352":{"start":{"line":353,"column":0},"end":{"line":353,"column":24}},"353":{"start":{"line":354,"column":0},"end":{"line":354,"column":37}},"354":{"start":{"line":355,"column":0},"end":{"line":355,"column":25}},"355":{"start":{"line":356,"column":0},"end":{"line":356,"column":48}},"356":{"start":{"line":357,"column":0},"end":{"line":357,"column":30}},"357":{"start":{"line":358,"column":0},"end":{"line":358,"column":11}},"358":{"start":{"line":359,"column":0},"end":{"line":359,"column":7}},"359":{"start":{"line":360,"column":0},"end":{"line":360,"column":41}},"360":{"start":{"line":361,"column":0},"end":{"line":361,"column":5}},"362":{"start":{"line":363,"column":0},"end":{"line":363,"column":30}},"363":{"start":{"line":364,"column":0},"end":{"line":364,"column":61}},"364":{"start":{"line":365,"column":0},"end":{"line":365,"column":83}},"365":{"start":{"line":366,"column":0},"end":{"line":366,"column":37}},"366":{"start":{"line":367,"column":0},"end":{"line":367,"column":25}},"367":{"start":{"line":368,"column":0},"end":{"line":368,"column":36}},"368":{"start":{"line":369,"column":0},"end":{"line":369,"column":30}},"369":{"start":{"line":370,"column":0},"end":{"line":370,"column":11}},"370":{"start":{"line":371,"column":0},"end":{"line":371,"column":7}},"371":{"start":{"line":372,"column":0},"end":{"line":372,"column":44}},"372":{"start":{"line":373,"column":0},"end":{"line":373,"column":5}},"374":{"start":{"line":375,"column":0},"end":{"line":375,"column":33}},"375":{"start":{"line":376,"column":0},"end":{"line":376,"column":65}},"376":{"start":{"line":377,"column":0},"end":{"line":377,"column":5}},"378":{"start":{"line":379,"column":0},"end":{"line":379,"column":41}},"379":{"start":{"line":380,"column":0},"end":{"line":380,"column":64}},"380":{"start":{"line":381,"column":0},"end":{"line":381,"column":91}},"381":{"start":{"line":382,"column":0},"end":{"line":382,"column":37}},"382":{"start":{"line":383,"column":0},"end":{"line":383,"column":25}},"383":{"start":{"line":384,"column":0},"end":{"line":384,"column":64}},"384":{"start":{"line":385,"column":0},"end":{"line":385,"column":30}},"385":{"start":{"line":386,"column":0},"end":{"line":386,"column":11}},"386":{"start":{"line":387,"column":0},"end":{"line":387,"column":7}},"387":{"start":{"line":388,"column":0},"end":{"line":388,"column":46}},"388":{"start":{"line":389,"column":0},"end":{"line":389,"column":5}},"390":{"start":{"line":391,"column":0},"end":{"line":391,"column":29}},"391":{"start":{"line":392,"column":0},"end":{"line":392,"column":57}},"392":{"start":{"line":393,"column":0},"end":{"line":393,"column":5}},"394":{"start":{"line":395,"column":0},"end":{"line":395,"column":50}},"395":{"start":{"line":396,"column":0},"end":{"line":396,"column":35}},"396":{"start":{"line":397,"column":0},"end":{"line":397,"column":23}},"397":{"start":{"line":398,"column":0},"end":{"line":398,"column":44}},"398":{"start":{"line":399,"column":0},"end":{"line":399,"column":28}},"399":{"start":{"line":400,"column":0},"end":{"line":400,"column":9}},"400":{"start":{"line":401,"column":0},"end":{"line":401,"column":5}},"402":{"start":{"line":403,"column":0},"end":{"line":403,"column":40}},"403":{"start":{"line":404,"column":0},"end":{"line":404,"column":28}},"404":{"start":{"line":405,"column":0},"end":{"line":405,"column":24}},"405":{"start":{"line":406,"column":0},"end":{"line":406,"column":28}},"406":{"start":{"line":407,"column":0},"end":{"line":407,"column":16}},"408":{"start":{"line":409,"column":0},"end":{"line":409,"column":16}},"409":{"start":{"line":410,"column":0},"end":{"line":410,"column":104}},"411":{"start":{"line":412,"column":0},"end":{"line":412,"column":38}},"412":{"start":{"line":413,"column":0},"end":{"line":413,"column":37}},"413":{"start":{"line":414,"column":0},"end":{"line":414,"column":25}},"414":{"start":{"line":415,"column":0},"end":{"line":415,"column":56}},"415":{"start":{"line":416,"column":0},"end":{"line":416,"column":28}},"416":{"start":{"line":417,"column":0},"end":{"line":417,"column":11}},"417":{"start":{"line":418,"column":0},"end":{"line":418,"column":7}},"419":{"start":{"line":420,"column":0},"end":{"line":420,"column":35}},"420":{"start":{"line":421,"column":0},"end":{"line":421,"column":23}},"421":{"start":{"line":422,"column":0},"end":{"line":422,"column":62}},"422":{"start":{"line":423,"column":0},"end":{"line":423,"column":28}},"423":{"start":{"line":424,"column":0},"end":{"line":424,"column":9}},"424":{"start":{"line":425,"column":0},"end":{"line":425,"column":5}},"426":{"start":{"line":427,"column":0},"end":{"line":427,"column":75}},"428":{"start":{"line":429,"column":0},"end":{"line":429,"column":21}},"429":{"start":{"line":430,"column":0},"end":{"line":430,"column":20}},"430":{"start":{"line":431,"column":0},"end":{"line":431,"column":30}},"431":{"start":{"line":432,"column":0},"end":{"line":432,"column":7}},"432":{"start":{"line":433,"column":0},"end":{"line":433,"column":19}},"433":{"start":{"line":434,"column":0},"end":{"line":434,"column":80}},"435":{"start":{"line":436,"column":0},"end":{"line":436,"column":33}},"436":{"start":{"line":437,"column":0},"end":{"line":437,"column":21}},"437":{"start":{"line":438,"column":0},"end":{"line":438,"column":41}},"438":{"start":{"line":439,"column":0},"end":{"line":439,"column":29}},"439":{"start":{"line":440,"column":0},"end":{"line":440,"column":7}},"440":{"start":{"line":441,"column":0},"end":{"line":441,"column":3}},"441":{"start":{"line":442,"column":0},"end":{"line":442,"column":3}},"443":{"start":{"line":444,"column":0},"end":{"line":444,"column":22}}},"s":{"0":1,"1":1,"2":1,"5":1,"39":1,"40":1,"42":8,"43":8,"44":5,"45":8,"46":8,"48":5,"49":5,"50":5,"52":2,"53":2,"54":2,"55":2,"56":2,"58":0,"59":0,"60":0,"61":0,"62":0,"63":0,"64":0,"66":1,"67":0,"68":0,"69":0,"70":0,"71":0,"73":0,"74":0,"75":0,"76":0,"78":0,"79":0,"80":0,"81":0,"83":0,"84":0,"85":0,"86":0,"87":0,"88":0,"89":0,"90":0,"92":0,"93":0,"94":0,"95":0,"96":0,"97":0,"98":0,"100":0,"101":0,"102":0,"103":0,"104":0,"105":0,"106":0,"107":0,"108":0,"109":0,"110":0,"111":0,"112":0,"114":0,"115":0,"116":0,"117":0,"118":0,"119":0,"120":0,"122":1,"123":1,"124":1,"125":1,"126":0,"127":0,"129":1,"131":4,"132":4,"133":4,"134":4,"136":1,"137":1,"138":1,"139":1,"140":1,"141":0,"142":0,"144":1,"145":1,"146":1,"148":1,"149":0,"150":0,"151":0,"152":0,"153":0,"154":0,"155":0,"157":1,"158":1,"159":1,"160":1,"161":1,"162":0,"163":0,"164":0,"165":0,"166":0,"167":0,"168":0,"169":1,"171":1,"172":0,"173":0,"174":0,"175":0,"176":0,"178":0,"179":0,"180":0,"181":0,"183":0,"184":0,"185":0,"186":0,"188":0,"189":0,"190":0,"191":0,"192":0,"193":0,"194":0,"195":0,"197":0,"198":0,"199":0,"200":0,"201":0,"202":0,"203":0,"205":0,"206":0,"207":0,"208":0,"209":0,"210":0,"211":0,"212":0,"213":0,"214":0,"215":0,"216":0,"217":0,"218":0,"220":1,"221":2,"222":2,"223":2,"224":0,"225":0,"227":2,"228":2,"229":2,"230":2,"231":2,"232":2,"233":2,"234":2,"235":2,"237":2,"238":2,"239":2,"240":2,"241":2,"242":2,"243":2,"245":2,"246":0,"247":0,"248":0,"249":0,"250":0,"251":0,"253":2,"254":0,"255":0,"257":2,"258":0,"259":0,"260":0,"261":0,"262":0,"263":0,"265":2,"266":0,"267":0,"268":0,"269":0,"270":0,"271":0,"273":2,"274":2,"275":2,"276":2,"277":2,"278":2,"279":2,"280":2,"281":2,"283":2,"284":2,"285":2,"286":2,"288":2,"289":1,"291":1,"292":1,"293":1,"294":1,"295":1,"296":1,"297":1,"299":0,"300":0,"301":0,"302":0,"303":0,"304":0,"306":1,"308":1,"309":1,"310":1,"311":1,"312":2,"313":0,"315":0,"316":0,"317":0,"318":0,"319":0,"320":0,"321":2,"323":1,"324":1,"325":1,"326":1,"327":0,"328":0,"330":1,"331":1,"332":0,"333":0,"335":1,"336":1,"338":1,"339":1,"340":1,"341":0,"342":0,"343":0,"344":0,"345":0,"346":0,"347":1,"348":1,"350":1,"351":0,"352":0,"353":0,"354":0,"355":0,"356":0,"357":0,"358":0,"359":0,"360":0,"362":1,"363":1,"364":1,"365":0,"366":0,"367":0,"368":0,"369":0,"370":0,"371":1,"372":1,"374":1,"375":1,"376":1,"378":1,"379":0,"380":0,"381":0,"382":0,"383":0,"384":0,"385":0,"386":0,"387":0,"388":0,"390":1,"391":0,"392":0,"394":1,"395":0,"396":0,"397":0,"398":0,"399":0,"400":0,"402":1,"403":1,"404":1,"405":1,"406":1,"408":1,"409":0,"411":0,"412":0,"413":0,"414":0,"415":0,"416":0,"417":0,"419":0,"420":0,"421":0,"422":0,"423":0,"424":0,"426":1,"428":1,"429":1,"430":1,"431":1,"432":1,"433":0,"435":0,"436":0,"437":0,"438":0,"439":0,"440":0,"441":1,"443":1},"branchMap":{"0":{"type":"branch","line":43,"loc":{"start":{"line":43,"column":0},"end":{"line":47,"column":1}},"locations":[{"start":{"line":43,"column":0},"end":{"line":47,"column":1}}]},"1":{"type":"branch","line":44,"loc":{"start":{"line":44,"column":33},"end":{"line":44,"column":45}},"locations":[{"start":{"line":44,"column":33},"end":{"line":44,"column":45}}]},"2":{"type":"branch","line":44,"loc":{"start":{"line":44,"column":40},"end":{"line":46,"column":30}},"locations":[{"start":{"line":44,"column":40},"end":{"line":46,"column":30}}]},"3":{"type":"branch","line":46,"loc":{"start":{"line":46,"column":26},"end":{"line":46,"column":40}},"locations":[{"start":{"line":46,"column":26},"end":{"line":46,"column":40}}]},"4":{"type":"branch","line":46,"loc":{"start":{"line":46,"column":30},"end":{"line":46,"column":45}},"locations":[{"start":{"line":46,"column":30},"end":{"line":46,"column":45}}]},"5":{"type":"branch","line":49,"loc":{"start":{"line":49,"column":0},"end":{"line":51,"column":1}},"locations":[{"start":{"line":49,"column":0},"end":{"line":51,"column":1}}]},"6":{"type":"branch","line":50,"loc":{"start":{"line":50,"column":48},"end":{"line":50,"column":55}},"locations":[{"start":{"line":50,"column":48},"end":{"line":50,"column":55}}]},"7":{"type":"branch","line":53,"loc":{"start":{"line":53,"column":0},"end":{"line":57,"column":1}},"locations":[{"start":{"line":53,"column":0},"end":{"line":57,"column":1}}]},"8":{"type":"branch","line":54,"loc":{"start":{"line":54,"column":61},"end":{"line":54,"column":78}},"locations":[{"start":{"line":54,"column":61},"end":{"line":54,"column":78}}]},"9":{"type":"branch","line":55,"loc":{"start":{"line":55,"column":45},"end":{"line":55,"column":86}},"locations":[{"start":{"line":55,"column":45},"end":{"line":55,"column":86}}]},"10":{"type":"branch","line":56,"loc":{"start":{"line":56,"column":35},"end":{"line":56,"column":55}},"locations":[{"start":{"line":56,"column":35},"end":{"line":56,"column":55}}]},"11":{"type":"branch","line":123,"loc":{"start":{"line":123,"column":0},"end":{"line":130,"column":1}},"locations":[{"start":{"line":123,"column":0},"end":{"line":130,"column":1}}]},"12":{"type":"branch","line":124,"loc":{"start":{"line":124,"column":14},"end":{"line":124,"column":27}},"locations":[{"start":{"line":124,"column":14},"end":{"line":124,"column":27}}]},"13":{"type":"branch","line":126,"loc":{"start":{"line":126,"column":19},"end":{"line":127,"column":27}},"locations":[{"start":{"line":126,"column":19},"end":{"line":127,"column":27}}]},"14":{"type":"branch","line":127,"loc":{"start":{"line":127,"column":19},"end":{"line":128,"column":64}},"locations":[{"start":{"line":127,"column":19},"end":{"line":128,"column":64}}]},"15":{"type":"branch","line":132,"loc":{"start":{"line":132,"column":0},"end":{"line":135,"column":1}},"locations":[{"start":{"line":132,"column":0},"end":{"line":135,"column":1}}]},"16":{"type":"branch","line":133,"loc":{"start":{"line":133,"column":22},"end":{"line":133,"column":34}},"locations":[{"start":{"line":133,"column":22},"end":{"line":133,"column":34}}]},"17":{"type":"branch","line":137,"loc":{"start":{"line":137,"column":26},"end":{"line":170,"column":3}},"locations":[{"start":{"line":137,"column":26},"end":{"line":170,"column":3}}]},"18":{"type":"branch","line":141,"loc":{"start":{"line":141,"column":17},"end":{"line":143,"column":5}},"locations":[{"start":{"line":141,"column":17},"end":{"line":143,"column":5}}]},"19":{"type":"branch","line":149,"loc":{"start":{"line":149,"column":15},"end":{"line":156,"column":5}},"locations":[{"start":{"line":149,"column":15},"end":{"line":156,"column":5}}]},"20":{"type":"branch","line":160,"loc":{"start":{"line":160,"column":12},"end":{"line":160,"column":23}},"locations":[{"start":{"line":160,"column":12},"end":{"line":160,"column":23}}]},"21":{"type":"branch","line":162,"loc":{"start":{"line":162,"column":2},"end":{"line":169,"column":3}},"locations":[{"start":{"line":162,"column":2},"end":{"line":169,"column":3}}]},"22":{"type":"branch","line":221,"loc":{"start":{"line":221,"column":27},"end":{"line":322,"column":3}},"locations":[{"start":{"line":221,"column":27},"end":{"line":322,"column":3}}]},"23":{"type":"branch","line":224,"loc":{"start":{"line":224,"column":17},"end":{"line":226,"column":5}},"locations":[{"start":{"line":224,"column":17},"end":{"line":226,"column":5}}]},"24":{"type":"branch","line":236,"loc":{"start":{"line":236,"column":12},"end":{"line":236,"column":23}},"locations":[{"start":{"line":236,"column":12},"end":{"line":236,"column":23}}]},"25":{"type":"branch","line":238,"loc":{"start":{"line":238,"column":45},"end":{"line":238,"column":90}},"locations":[{"start":{"line":238,"column":45},"end":{"line":238,"column":90}}]},"26":{"type":"branch","line":244,"loc":{"start":{"line":244,"column":71},"end":{"line":244,"column":80}},"locations":[{"start":{"line":244,"column":71},"end":{"line":244,"column":80}}]},"27":{"type":"branch","line":246,"loc":{"start":{"line":246,"column":27},"end":{"line":252,"column":5}},"locations":[{"start":{"line":246,"column":27},"end":{"line":252,"column":5}}]},"28":{"type":"branch","line":254,"loc":{"start":{"line":254,"column":50},"end":{"line":256,"column":5}},"locations":[{"start":{"line":254,"column":50},"end":{"line":256,"column":5}}]},"29":{"type":"branch","line":258,"loc":{"start":{"line":258,"column":21},"end":{"line":258,"column":43}},"locations":[{"start":{"line":258,"column":21},"end":{"line":258,"column":43}}]},"30":{"type":"branch","line":258,"loc":{"start":{"line":258,"column":34},"end":{"line":258,"column":86}},"locations":[{"start":{"line":258,"column":34},"end":{"line":258,"column":86}}]},"31":{"type":"branch","line":258,"loc":{"start":{"line":258,"column":86},"end":{"line":264,"column":5}},"locations":[{"start":{"line":258,"column":86},"end":{"line":264,"column":5}}]},"32":{"type":"branch","line":266,"loc":{"start":{"line":266,"column":91},"end":{"line":272,"column":5}},"locations":[{"start":{"line":266,"column":91},"end":{"line":272,"column":5}}]},"33":{"type":"branch","line":289,"loc":{"start":{"line":289,"column":15},"end":{"line":313,"column":11}},"locations":[{"start":{"line":289,"column":15},"end":{"line":313,"column":11}}]},"34":{"type":"branch","line":298,"loc":{"start":{"line":298,"column":6},"end":{"line":305,"column":5}},"locations":[{"start":{"line":298,"column":6},"end":{"line":305,"column":5}}]},"35":{"type":"branch","line":313,"loc":{"start":{"line":313,"column":2},"end":{"line":321,"column":3}},"locations":[{"start":{"line":313,"column":2},"end":{"line":321,"column":3}}]},"36":{"type":"branch","line":324,"loc":{"start":{"line":324,"column":31},"end":{"line":442,"column":3}},"locations":[{"start":{"line":324,"column":31},"end":{"line":442,"column":3}}]},"37":{"type":"branch","line":327,"loc":{"start":{"line":327,"column":17},"end":{"line":329,"column":5}},"locations":[{"start":{"line":327,"column":17},"end":{"line":329,"column":5}}]},"38":{"type":"branch","line":332,"loc":{"start":{"line":332,"column":59},"end":{"line":334,"column":5}},"locations":[{"start":{"line":332,"column":59},"end":{"line":334,"column":5}}]},"39":{"type":"branch","line":336,"loc":{"start":{"line":336,"column":75},"end":{"line":336,"column":86}},"locations":[{"start":{"line":336,"column":75},"end":{"line":336,"column":86}}]},"40":{"type":"branch","line":341,"loc":{"start":{"line":341,"column":20},"end":{"line":347,"column":7}},"locations":[{"start":{"line":341,"column":20},"end":{"line":347,"column":7}}]},"41":{"type":"branch","line":351,"loc":{"start":{"line":351,"column":31},"end":{"line":361,"column":5}},"locations":[{"start":{"line":351,"column":31},"end":{"line":361,"column":5}}]},"42":{"type":"branch","line":365,"loc":{"start":{"line":365,"column":82},"end":{"line":371,"column":7}},"locations":[{"start":{"line":365,"column":82},"end":{"line":371,"column":7}}]},"43":{"type":"branch","line":379,"loc":{"start":{"line":379,"column":40},"end":{"line":389,"column":5}},"locations":[{"start":{"line":379,"column":40},"end":{"line":389,"column":5}}]},"44":{"type":"branch","line":391,"loc":{"start":{"line":391,"column":28},"end":{"line":393,"column":5}},"locations":[{"start":{"line":391,"column":28},"end":{"line":393,"column":5}}]},"45":{"type":"branch","line":395,"loc":{"start":{"line":395,"column":49},"end":{"line":401,"column":5}},"locations":[{"start":{"line":395,"column":49},"end":{"line":401,"column":5}}]},"46":{"type":"branch","line":409,"loc":{"start":{"line":409,"column":15},"end":{"line":425,"column":5}},"locations":[{"start":{"line":409,"column":15},"end":{"line":425,"column":5}}]},"47":{"type":"branch","line":433,"loc":{"start":{"line":433,"column":2},"end":{"line":441,"column":3}},"locations":[{"start":{"line":433,"column":2},"end":{"line":441,"column":3}}]}},"b":{"0":[8],"1":[3],"2":[5],"3":[4],"4":[1],"5":[5],"6":[0],"7":[2],"8":[0],"9":[0],"10":[0],"11":[1],"12":[0],"13":[0],"14":[0],"15":[4],"16":[0],"17":[1],"18":[0],"19":[0],"20":[0],"21":[0],"22":[2],"23":[0],"24":[0],"25":[0],"26":[0],"27":[0],"28":[0],"29":[1],"30":[1],"31":[0],"32":[0],"33":[1],"34":[0],"35":[0],"36":[1],"37":[0],"38":[0],"39":[0],"40":[0],"41":[0],"42":[0],"43":[0],"44":[0],"45":[0],"46":[0],"47":[0]},"fnMap":{"0":{"name":"normalizeNullableString","decl":{"start":{"line":43,"column":0},"end":{"line":47,"column":1}},"loc":{"start":{"line":43,"column":0},"end":{"line":47,"column":1}},"line":43},"1":{"name":"normalizeRequiredString","decl":{"start":{"line":49,"column":0},"end":{"line":51,"column":1}},"loc":{"start":{"line":49,"column":0},"end":{"line":51,"column":1}},"line":49},"2":{"name":"normalizeOreContrattuali","decl":{"start":{"line":53,"column":0},"end":{"line":57,"column":1}},"loc":{"start":{"line":53,"column":0},"end":{"line":57,"column":1}},"line":53},"3":{"name":"invalidPinResponse","decl":{"start":{"line":59,"column":0},"end":{"line":65,"column":1}},"loc":{"start":{"line":59,"column":0},"end":{"line":65,"column":1}},"line":59},"4":{"name":"serviceUnavailable","decl":{"start":{"line":115,"column":0},"end":{"line":121,"column":1}},"loc":{"start":{"line":115,"column":0},"end":{"line":121,"column":1}},"line":115},"5":{"name":"isPinTakenError","decl":{"start":{"line":123,"column":0},"end":{"line":130,"column":1}},"loc":{"start":{"line":123,"column":0},"end":{"line":130,"column":1}},"line":123},"6":{"name":"utentiTable","decl":{"start":{"line":132,"column":0},"end":{"line":135,"column":1}},"loc":{"start":{"line":132,"column":0},"end":{"line":135,"column":1}},"line":132}},"f":{"0":8,"1":5,"2":2,"3":0,"4":0,"5":1,"6":4}}
,"/home/runner/workspace/badgenode_main/server/utils/validation/pin.ts": {"path":"/home/runner/workspace/badgenode_main/server/utils/validation/pin.ts","all":false,"statementMap":{"1":{"start":{"line":2,"column":0},"end":{"line":2,"column":78}},"2":{"start":{"line":3,"column":0},"end":{"line":3,"column":54}},"3":{"start":{"line":4,"column":0},"end":{"line":4,"column":67}},"4":{"start":{"line":5,"column":0},"end":{"line":5,"column":55}},"5":{"start":{"line":6,"column":0},"end":{"line":6,"column":1}},"7":{"start":{"line":8,"column":0},"end":{"line":8,"column":112}},"8":{"start":{"line":9,"column":0},"end":{"line":9,"column":13}},"9":{"start":{"line":10,"column":0},"end":{"line":10,"column":65}},"10":{"start":{"line":11,"column":0},"end":{"line":11,"column":3}},"12":{"start":{"line":13,"column":0},"end":{"line":13,"column":35}},"13":{"start":{"line":14,"column":0},"end":{"line":14,"column":28}},"14":{"start":{"line":15,"column":0},"end":{"line":15,"column":65}},"15":{"start":{"line":16,"column":0},"end":{"line":16,"column":3}},"17":{"start":{"line":18,"column":0},"end":{"line":18,"column":33}},"18":{"start":{"line":19,"column":0},"end":{"line":19,"column":1}},"20":{"start":{"line":21,"column":0},"end":{"line":21,"column":65}},"21":{"start":{"line":22,"column":0},"end":{"line":22,"column":62}}},"s":{"1":1,"2":36,"3":36,"4":36,"5":36,"7":1,"8":21,"9":2,"10":2,"12":19,"13":21,"14":9,"15":9,"17":10,"18":10,"20":1,"21":1},"branchMap":{"0":{"type":"branch","line":2,"loc":{"start":{"line":2,"column":7},"end":{"line":6,"column":1}},"locations":[{"start":{"line":2,"column":7},"end":{"line":6,"column":1}}]},"1":{"type":"branch","line":3,"loc":{"start":{"line":3,"column":14},"end":{"line":3,"column":41}},"locations":[{"start":{"line":3,"column":14},"end":{"line":3,"column":41}}]},"2":{"type":"branch","line":3,"loc":{"start":{"line":3,"column":41},"end":{"line":3,"column":54}},"locations":[{"start":{"line":3,"column":41},"end":{"line":3,"column":54}}]},"3":{"type":"branch","line":3,"loc":{"start":{"line":3,"column":48},"end":{"line":4,"column":43}},"locations":[{"start":{"line":3,"column":48},"end":{"line":4,"column":43}}]},"4":{"type":"branch","line":4,"loc":{"start":{"line":4,"column":32},"end":{"line":4,"column":63}},"locations":[{"start":{"line":4,"column":32},"end":{"line":4,"column":63}}]},"5":{"type":"branch","line":4,"loc":{"start":{"line":4,"column":59},"end":{"line":4,"column":67}},"locations":[{"start":{"line":4,"column":59},"end":{"line":4,"column":67}}]},"6":{"type":"branch","line":5,"loc":{"start":{"line":5,"column":22},"end":{"line":5,"column":42}},"locations":[{"start":{"line":5,"column":22},"end":{"line":5,"column":42}}]},"7":{"type":"branch","line":5,"loc":{"start":{"line":5,"column":37},"end":{"line":5,"column":55}},"locations":[{"start":{"line":5,"column":37},"end":{"line":5,"column":55}}]},"8":{"type":"branch","line":8,"loc":{"start":{"line":8,"column":7},"end":{"line":19,"column":1}},"locations":[{"start":{"line":8,"column":7},"end":{"line":19,"column":1}}]},"9":{"type":"branch","line":9,"loc":{"start":{"line":9,"column":12},"end":{"line":11,"column":3}},"locations":[{"start":{"line":9,"column":12},"end":{"line":11,"column":3}}]},"10":{"type":"branch","line":11,"loc":{"start":{"line":11,"column":2},"end":{"line":14,"column":27}},"locations":[{"start":{"line":11,"column":2},"end":{"line":14,"column":27}}]},"11":{"type":"branch","line":14,"loc":{"start":{"line":14,"column":27},"end":{"line":16,"column":3}},"locations":[{"start":{"line":14,"column":27},"end":{"line":16,"column":3}}]},"12":{"type":"branch","line":16,"loc":{"start":{"line":16,"column":2},"end":{"line":19,"column":1}},"locations":[{"start":{"line":16,"column":2},"end":{"line":19,"column":1}}]}},"b":{"0":[36],"1":[35],"2":[2],"3":[34],"4":[7],"5":[27],"6":[28],"7":[22],"8":[21],"9":[2],"10":[19],"11":[9],"12":[10]},"fnMap":{"0":{"name":"isValidPin","decl":{"start":{"line":2,"column":7},"end":{"line":6,"column":1}},"loc":{"start":{"line":2,"column":7},"end":{"line":6,"column":1}},"line":2},"1":{"name":"validatePinParam","decl":{"start":{"line":8,"column":7},"end":{"line":19,"column":1}},"loc":{"start":{"line":8,"column":7},"end":{"line":19,"column":1}},"line":8}},"f":{"0":36,"1":21}}
}
